[debug] [2022-01-27T17:54:05.043Z] ----------------------------------------------------------------------
[debug] [2022-01-27T17:54:05.045Z] Command:       /usr/local/bin/firebase /Users/apple/.cache/firebase/tools/lib/node_modules/firebase-tools/lib/bin/firebase init
[debug] [2022-01-27T17:54:05.046Z] CLI Version:   9.20.0
[debug] [2022-01-27T17:54:05.046Z] Platform:      darwin
[debug] [2022-01-27T17:54:05.046Z] Node Version:  v12.18.1
[debug] [2022-01-27T17:54:05.047Z] Time:          Thu Jan 27 2022 23:54:05 GMT+0600 (Bangladesh Standard Time)
[debug] [2022-01-27T17:54:05.047Z] ----------------------------------------------------------------------
[debug] 
[debug] [2022-01-27T17:54:05.050Z] >>> [apiv2][query] GET https://firebase-public.firebaseio.com/cli.json [none]
[debug] [2022-01-27T17:54:05.070Z] > command requires scopes: ["email","openid","https://www.googleapis.com/auth/cloudplatformprojects.readonly","https://www.googleapis.com/auth/firebase","https://www.googleapis.com/auth/cloud-platform"]
[debug] [2022-01-27T17:54:05.070Z] > authorizing via signed-in user (jahedahmed3170@gmail.com)
[info] 
     ######## #### ########  ######## ########     ###     ######  ########
     ##        ##  ##     ## ##       ##     ##  ##   ##  ##       ##
     ######    ##  ########  ######   ########  #########  ######  ######
     ##        ##  ##    ##  ##       ##     ## ##     ##       ## ##
     ##       #### ##     ## ######## ########  ##     ##  ######  ########

You're about to initialize a Firebase project in this directory:

  /Users/apple/Documents/Assignment/world_trip/world_trip_client

[debug] [2022-01-27T17:54:06.347Z] <<< [apiv2][status] GET https://firebase-public.firebaseio.com/cli.json 200
[debug] [2022-01-27T17:54:06.348Z] <<< [apiv2][body] GET https://firebase-public.firebaseio.com/cli.json {"cloudBuildErrorAfter":1594252800000,"cloudBuildWarnAfter":1590019200000,"defaultNode10After":1594252800000,"minVersion":"3.0.5","node8DeploysDisabledAfter":1613390400000,"node8RuntimeDisabledAfter":1615809600000,"node8WarnAfter":1600128000000}
[debug] [2022-01-27T17:58:39.734Z] TypeError: Cannot read property 'setRawMode' of null
    at ReadStream.setRawMode (tty.js:75:28)
    at Interface._setRawMode (readline.js:290:16)
    at Interface.close (readline.js:413:10)
    at ReadStream.ontermend (readline.js:201:10)
    at ReadStream.emit (events.js:327:22)
    at ReadStream.EventEmitter.emit (domain.js:482:12)
    at endReadableNT (_stream_readable.js:1221:12)
    at processTicksAndRejections (internal/process/task_queues.js:84:21)
